{"/Users/sakshet/Desktop/Code/ahora/src/components/footer/footer.tsx": {"path":"/Users/sakshet/Desktop/Code/ahora/src/components/footer/footer.tsx","statementMap":{"0":{"start":{"line":1,"column":0},"end":{"line":1,"column":34}},"1":{"start":{"line":2,"column":0},"end":{"line":2,"column":71}},"2":{"start":{"line":3,"column":0},"end":{"line":3,"column":43}},"3":{"start":{"line":4,"column":0},"end":{"line":4,"column":26}},"4":{"start":{"line":6,"column":25},"end":{"line":30,"column":2}},"5":{"start":{"line":31,"column":22},"end":{"line":48,"column":1}},"6":{"start":{"line":32,"column":18},"end":{"line":32,"column":55}},"7":{"start":{"line":33,"column":2},"end":{"line":47,"column":4}},"8":{"start":{"line":31,"column":13},"end":{"line":31,"column":22}}},"fnMap":{"0":{"name":"(anonymous_1)","decl":{"start":{"line":31,"column":22},"end":{"line":31,"column":25}},"loc":{"start":{"line":31,"column":27},"end":{"line":48,"column":1}}}},"branchMap":{},"s":{"0":0,"1":0,"2":0,"3":0,"4":0,"5":0,"6":0,"7":0,"8":0},"f":{"0":0},"b":{}}
,"/Users/sakshet/Desktop/Code/ahora/src/components/header/header.tsx": {"path":"/Users/sakshet/Desktop/Code/ahora/src/components/header/header.tsx","statementMap":{"0":{"start":{"line":1,"column":0},"end":{"line":1,"column":34}},"1":{"start":{"line":2,"column":0},"end":{"line":2,"column":71}},"2":{"start":{"line":3,"column":0},"end":{"line":3,"column":43}},"3":{"start":{"line":4,"column":0},"end":{"line":4,"column":26}},"4":{"start":{"line":6,"column":25},"end":{"line":30,"column":2}},"5":{"start":{"line":31,"column":22},"end":{"line":48,"column":1}},"6":{"start":{"line":32,"column":18},"end":{"line":32,"column":55}},"7":{"start":{"line":33,"column":2},"end":{"line":47,"column":4}},"8":{"start":{"line":31,"column":13},"end":{"line":31,"column":22}}},"fnMap":{"0":{"name":"(anonymous_1)","decl":{"start":{"line":31,"column":22},"end":{"line":31,"column":25}},"loc":{"start":{"line":31,"column":27},"end":{"line":48,"column":1}}}},"branchMap":{},"s":{"0":1,"1":1,"2":1,"3":1,"4":1,"5":1,"6":1,"7":1,"8":1},"f":{"0":1},"b":{}}
,"/Users/sakshet/Desktop/Code/ahora/src/context/context.tsx": {"path":"/Users/sakshet/Desktop/Code/ahora/src/context/context.tsx","statementMap":{"0":{"start":{"line":124,"column":0},"end":{"line":124,"column":16}},"1":{"start":{"line":1,"column":0},"end":{"line":1,"column":63}},"2":{"start":{"line":2,"column":0},"end":{"line":2,"column":null}},"3":{"start":{"line":12,"column":19},"end":{"line":14,"column":12}},"4":{"start":{"line":17,"column":27},"end":{"line":24,"column":1}},"5":{"start":{"line":18,"column":16},"end":{"line":18,"column":38}},"6":{"start":{"line":19,"column":2},"end":{"line":23,"column":3}},"7":{"start":{"line":20,"column":4},"end":{"line":20,"column":66}},"8":{"start":{"line":22,"column":4},"end":{"line":22,"column":17}},"9":{"start":{"line":17,"column":13},"end":{"line":17,"column":27}},"10":{"start":{"line":27,"column":32},"end":{"line":36,"column":1}},"11":{"start":{"line":28,"column":28},"end":{"line":30,"column":4}},"12":{"start":{"line":31,"column":2},"end":{"line":35,"column":4}},"13":{"start":{"line":27,"column":13},"end":{"line":27,"column":32}},"14":{"start":{"line":64,"column":27},"end":{"line":64,"column":76}},"15":{"start":{"line":67,"column":30},"end":{"line":74,"column":1}},"16":{"start":{"line":68,"column":16},"end":{"line":68,"column":46}},"17":{"start":{"line":69,"column":2},"end":{"line":73,"column":3}},"18":{"start":{"line":70,"column":4},"end":{"line":70,"column":69}},"19":{"start":{"line":72,"column":4},"end":{"line":72,"column":17}},"20":{"start":{"line":67,"column":13},"end":{"line":67,"column":30}},"21":{"start":{"line":76,"column":28},"end":{"line":83,"column":2}},"22":{"start":{"line":85,"column":35},"end":{"line":101,"column":1}},"23":{"start":{"line":86,"column":26},"end":{"line":86,"column":61}},"24":{"start":{"line":87,"column":30},"end":{"line":87,"column":43}},"25":{"start":{"line":89,"column":2},"end":{"line":91,"column":9}},"26":{"start":{"line":93,"column":18},"end":{"line":93,"column":58}},"27":{"start":{"line":94,"column":2},"end":{"line":100,"column":4}},"28":{"start":{"line":85,"column":13},"end":{"line":85,"column":35}},"29":{"start":{"line":125,"column":2},"end":{"line":140,"column":3}},"30":{"start":{"line":127,"column":6},"end":{"line":130,"column":8}},"31":{"start":{"line":132,"column":6},"end":{"line":135,"column":8}},"32":{"start":{"line":137,"column":6},"end":{"line":137,"column":45}},"33":{"start":{"line":139,"column":6},"end":{"line":139,"column":19}}},"fnMap":{"0":{"name":"(anonymous_6)","decl":{"start":{"line":17,"column":27},"end":{"line":17,"column":30}},"loc":{"start":{"line":17,"column":32},"end":{"line":24,"column":1}}},"1":{"name":"(anonymous_7)","decl":{"start":{"line":27,"column":32},"end":{"line":27,"column":33}},"loc":{"start":{"line":27,"column":74},"end":{"line":36,"column":1}}},"2":{"name":"(anonymous_8)","decl":{"start":{"line":67,"column":30},"end":{"line":67,"column":33}},"loc":{"start":{"line":67,"column":35},"end":{"line":74,"column":1}}},"3":{"name":"(anonymous_9)","decl":{"start":{"line":85,"column":35},"end":{"line":85,"column":36}},"loc":{"start":{"line":85,"column":77},"end":{"line":101,"column":1}}},"4":{"name":"(anonymous_10)","decl":{"start":{"line":89,"column":12},"end":{"line":89,"column":15}},"loc":{"start":{"line":89,"column":17},"end":{"line":91,"column":3}}},"5":{"name":"appReducer","decl":{"start":{"line":124,"column":16},"end":{"line":124,"column":26}},"loc":{"start":{"line":124,"column":61},"end":{"line":141,"column":1}}}},"branchMap":{"0":{"loc":{"start":{"line":19,"column":2},"end":{"line":23,"column":3}},"type":"if","locations":[{"start":{"line":19,"column":2},"end":{"line":23,"column":3}},{"start":{"line":21,"column":9},"end":{"line":23,"column":3}}]},"1":{"loc":{"start":{"line":69,"column":2},"end":{"line":73,"column":3}},"type":"if","locations":[{"start":{"line":69,"column":2},"end":{"line":73,"column":3}},{"start":{"line":71,"column":9},"end":{"line":73,"column":3}}]},"2":{"loc":{"start":{"line":125,"column":2},"end":{"line":140,"column":3}},"type":"switch","locations":[{"start":{"line":126,"column":4},"end":{"line":130,"column":8}},{"start":{"line":131,"column":4},"end":{"line":135,"column":8}},{"start":{"line":136,"column":4},"end":{"line":137,"column":45}},{"start":{"line":138,"column":4},"end":{"line":139,"column":19}}]}},"s":{"0":2,"1":2,"2":2,"3":2,"4":2,"5":4,"6":4,"7":0,"8":4,"9":2,"10":2,"11":4,"12":4,"13":2,"14":2,"15":2,"16":0,"17":0,"18":0,"19":0,"20":2,"21":2,"22":2,"23":3,"24":3,"25":3,"26":3,"27":3,"28":2,"29":4,"30":1,"31":1,"32":2,"33":0},"f":{"0":4,"1":4,"2":0,"3":3,"4":3,"5":4},"b":{"0":[0,4],"1":[0,0],"2":[1,1,2,0]}}
,"/Users/sakshet/Desktop/Code/ahora/src/core/link/link.tsx": {"path":"/Users/sakshet/Desktop/Code/ahora/src/core/link/link.tsx","statementMap":{"0":{"start":{"line":1,"column":0},"end":{"line":1,"column":63}},"1":{"start":{"line":2,"column":0},"end":{"line":2,"column":41}},"2":{"start":{"line":3,"column":0},"end":{"line":3,"column":null}},"3":{"start":{"line":13,"column":23},"end":{"line":21,"column":2}},"4":{"start":{"line":22,"column":20},"end":{"line":29,"column":1}},"5":{"start":{"line":23,"column":18},"end":{"line":23,"column":53}},"6":{"start":{"line":24,"column":2},"end":{"line":28,"column":4}},"7":{"start":{"line":22,"column":13},"end":{"line":22,"column":20}}},"fnMap":{"0":{"name":"(anonymous_1)","decl":{"start":{"line":22,"column":20},"end":{"line":22,"column":21}},"loc":{"start":{"line":22,"column":62},"end":{"line":29,"column":1}}}},"branchMap":{},"s":{"0":1,"1":1,"2":1,"3":1,"4":1,"5":1,"6":1,"7":1},"f":{"0":1},"b":{}}
,"/Users/sakshet/Desktop/Code/ahora/src/core/select/select.tsx": {"path":"/Users/sakshet/Desktop/Code/ahora/src/core/select/select.tsx","statementMap":{"0":{"start":{"line":1,"column":0},"end":{"line":1,"column":71}},"1":{"start":{"line":2,"column":0},"end":{"line":2,"column":34}},"2":{"start":{"line":3,"column":0},"end":{"line":3,"column":59}},"3":{"start":{"line":10,"column":27},"end":{"line":51,"column":2}},"4":{"start":{"line":52,"column":22},"end":{"line":130,"column":1}},"5":{"start":{"line":63,"column":40},"end":{"line":63,"column":52}},"6":{"start":{"line":64,"column":30},"end":{"line":64,"column":45}},"7":{"start":{"line":65,"column":44},"end":{"line":65,"column":87}},"8":{"start":{"line":66,"column":22},"end":{"line":66,"column":50}},"9":{"start":{"line":68,"column":2},"end":{"line":73,"column":9}},"10":{"start":{"line":69,"column":4},"end":{"line":69,"column":63}},"11":{"start":{"line":70,"column":4},"end":{"line":72,"column":6}},"12":{"start":{"line":71,"column":6},"end":{"line":71,"column":68}},"13":{"start":{"line":75,"column":2},"end":{"line":77,"column":23}},"14":{"start":{"line":76,"column":4},"end":{"line":76,"column":37}},"15":{"start":{"line":79,"column":29},"end":{"line":83,"column":3}},"16":{"start":{"line":80,"column":4},"end":{"line":82,"column":5}},"17":{"start":{"line":81,"column":6},"end":{"line":81,"column":23}},"18":{"start":{"line":85,"column":40},"end":{"line":86,"column":null}},"19":{"start":{"line":86,"column":4},"end":{"line":86,"column":66}},"20":{"start":{"line":89,"column":23},"end":{"line":94,"column":3}},"21":{"start":{"line":90,"column":4},"end":{"line":90,"column":29}},"22":{"start":{"line":91,"column":4},"end":{"line":91,"column":21}},"23":{"start":{"line":92,"column":4},"end":{"line":92,"column":23}},"24":{"start":{"line":93,"column":4},"end":{"line":93,"column":21}},"25":{"start":{"line":96,"column":18},"end":{"line":96,"column":57}},"26":{"start":{"line":97,"column":2},"end":{"line":129,"column":4}},"27":{"start":{"line":104,"column":10},"end":{"line":104,"column":41}},"28":{"start":{"line":105,"column":10},"end":{"line":105,"column":38}},"29":{"start":{"line":105,"column":22},"end":{"line":105,"column":38}},"30":{"start":{"line":107,"column":23},"end":{"line":107,"column":38}},"31":{"start":{"line":113,"column":14},"end":{"line":118,"column":null}},"32":{"start":{"line":115,"column":31},"end":{"line":115,"column":51}},"33":{"start":{"line":52,"column":13},"end":{"line":52,"column":22}}},"fnMap":{"0":{"name":"(anonymous_6)","decl":{"start":{"line":52,"column":22},"end":{"line":52,"column":23}},"loc":{"start":{"line":62,"column":5},"end":{"line":130,"column":1}}},"1":{"name":"(anonymous_7)","decl":{"start":{"line":68,"column":12},"end":{"line":68,"column":15}},"loc":{"start":{"line":68,"column":17},"end":{"line":73,"column":3}}},"2":{"name":"(anonymous_8)","decl":{"start":{"line":70,"column":11},"end":{"line":70,"column":14}},"loc":{"start":{"line":70,"column":16},"end":{"line":72,"column":5}}},"3":{"name":"(anonymous_9)","decl":{"start":{"line":75,"column":12},"end":{"line":75,"column":15}},"loc":{"start":{"line":75,"column":17},"end":{"line":77,"column":3}}},"4":{"name":"(anonymous_10)","decl":{"start":{"line":79,"column":29},"end":{"line":79,"column":30}},"loc":{"start":{"line":79,"column":51},"end":{"line":83,"column":3}}},"5":{"name":"(anonymous_11)","decl":{"start":{"line":85,"column":55},"end":{"line":85,"column":61}},"loc":{"start":{"line":86,"column":4},"end":{"line":86,"column":66}}},"6":{"name":"(anonymous_12)","decl":{"start":{"line":89,"column":23},"end":{"line":89,"column":24}},"loc":{"start":{"line":89,"column":46},"end":{"line":94,"column":3}}},"7":{"name":"(anonymous_13)","decl":{"start":{"line":103,"column":18},"end":{"line":103,"column":19}},"loc":{"start":{"line":103,"column":22},"end":{"line":106,"column":9}}},"8":{"name":"(anonymous_14)","decl":{"start":{"line":107,"column":17},"end":{"line":107,"column":20}},"loc":{"start":{"line":107,"column":23},"end":{"line":107,"column":38}}},"9":{"name":"(anonymous_15)","decl":{"start":{"line":112,"column":31},"end":{"line":112,"column":32}},"loc":{"start":{"line":113,"column":14},"end":{"line":118,"column":null}}},"10":{"name":"(anonymous_16)","decl":{"start":{"line":115,"column":25},"end":{"line":115,"column":28}},"loc":{"start":{"line":115,"column":31},"end":{"line":115,"column":51}}}},"branchMap":{"0":{"loc":{"start":{"line":55,"column":2},"end":{"line":55,"column":37}},"type":"default-arg","locations":[{"start":{"line":55,"column":16},"end":{"line":55,"column":37}}]},"1":{"loc":{"start":{"line":56,"column":2},"end":{"line":56,"column":23}},"type":"default-arg","locations":[{"start":{"line":56,"column":19},"end":{"line":56,"column":23}}]},"2":{"loc":{"start":{"line":80,"column":4},"end":{"line":82,"column":5}},"type":"if","locations":[{"start":{"line":80,"column":4},"end":{"line":82,"column":5}}]},"3":{"loc":{"start":{"line":80,"column":8},"end":{"line":80,"column":82}},"type":"binary-expr","locations":[{"start":{"line":80,"column":8},"end":{"line":80,"column":27}},{"start":{"line":80,"column":31},"end":{"line":80,"column":82}}]},"4":{"loc":{"start":{"line":102,"column":15},"end":{"line":102,"column":75}},"type":"cond-expr","locations":[{"start":{"line":102,"column":42},"end":{"line":102,"column":53}},{"start":{"line":102,"column":56},"end":{"line":102,"column":75}}]},"5":{"loc":{"start":{"line":102,"column":15},"end":{"line":102,"column":39}},"type":"binary-expr","locations":[{"start":{"line":102,"column":15},"end":{"line":102,"column":21}},{"start":{"line":102,"column":25},"end":{"line":102,"column":39}}]},"6":{"loc":{"start":{"line":105,"column":10},"end":{"line":105,"column":38}},"type":"if","locations":[{"start":{"line":105,"column":10},"end":{"line":105,"column":38}}]},"7":{"loc":{"start":{"line":110,"column":7},"end":{"line":126,"column":null}},"type":"binary-expr","locations":[{"start":{"line":110,"column":7},"end":{"line":110,"column":13}},{"start":{"line":111,"column":8},"end":{"line":125,"column":null}}]},"8":{"loc":{"start":{"line":116,"column":48},"end":{"line":116,"column":111}},"type":"cond-expr","locations":[{"start":{"line":116,"column":88},"end":{"line":116,"column":104}},{"start":{"line":116,"column":107},"end":{"line":116,"column":111}}]},"9":{"loc":{"start":{"line":121,"column":11},"end":{"line":124,"column":null}},"type":"binary-expr","locations":[{"start":{"line":121,"column":11},"end":{"line":121,"column":39}},{"start":{"line":122,"column":12},"end":{"line":123,"column":null}}]}},"s":{"0":2,"1":2,"2":2,"3":2,"4":2,"5":32,"6":32,"7":32,"8":32,"9":32,"10":11,"11":11,"12":11,"13":32,"14":11,"15":32,"16":1,"17":1,"18":32,"19":102,"20":32,"21":2,"22":2,"23":2,"24":2,"25":32,"26":32,"27":2,"28":2,"29":0,"30":9,"31":49,"32":2,"33":2},"f":{"0":32,"1":11,"2":11,"3":11,"4":1,"5":102,"6":2,"7":2,"8":9,"9":49,"10":2},"b":{"0":[31],"1":[28],"2":[1],"3":[1,1],"4":[28,4],"5":[32,14],"6":[0],"7":[32,18],"8":[2,47],"9":[18,1]}}
,"/Users/sakshet/Desktop/Code/ahora/src/core/styles/colors.ts": {"path":"/Users/sakshet/Desktop/Code/ahora/src/core/styles/colors.ts","statementMap":{"0":{"start":{"line":1,"column":13},"end":{"line":233,"column":2}}},"fnMap":{},"branchMap":{},"s":{"0":6},"f":{},"b":{}}
,"/Users/sakshet/Desktop/Code/ahora/src/core/styles/stylesheet/createStyleSheet.ts": {"path":"/Users/sakshet/Desktop/Code/ahora/src/core/styles/stylesheet/createStyleSheet.ts","statementMap":{"0":{"start":{"line":3,"column":32},"end":{"line":42,"column":1}},"1":{"start":{"line":9,"column":4},"end":{"line":9,"column":72}},"2":{"start":{"line":12,"column":42},"end":{"line":12,"column":44}},"3":{"start":{"line":13,"column":2},"end":{"line":39,"column":3}},"4":{"start":{"line":14,"column":4},"end":{"line":38,"column":5}},"5":{"start":{"line":15,"column":20},"end":{"line":15,"column":35}},"6":{"start":{"line":16,"column":6},"end":{"line":37,"column":7}},"7":{"start":{"line":18,"column":42},"end":{"line":18,"column":63}},"8":{"start":{"line":20,"column":41},"end":{"line":20,"column":70}},"9":{"start":{"line":21,"column":68},"end":{"line":21,"column":70}},"10":{"start":{"line":22,"column":8},"end":{"line":30,"column":9}},"11":{"start":{"line":23,"column":10},"end":{"line":29,"column":11}},"12":{"start":{"line":24,"column":12},"end":{"line":28,"column":13}},"13":{"start":{"line":25,"column":34},"end":{"line":25,"column":54}},"14":{"start":{"line":26,"column":14},"end":{"line":26,"column":74}},"15":{"start":{"line":27,"column":14},"end":{"line":27,"column":42}},"16":{"start":{"line":31,"column":8},"end":{"line":31,"column":45}},"17":{"start":{"line":32,"column":8},"end":{"line":34,"column":9}},"18":{"start":{"line":33,"column":10},"end":{"line":33,"column":60}},"19":{"start":{"line":36,"column":8},"end":{"line":36,"column":58}},"20":{"start":{"line":41,"column":2},"end":{"line":41,"column":39}},"21":{"start":{"line":3,"column":13},"end":{"line":3,"column":32}}},"fnMap":{"0":{"name":"(anonymous_0)","decl":{"start":{"line":3,"column":32},"end":{"line":3,"column":null}},"loc":{"start":{"line":6,"column":26},"end":{"line":42,"column":1}}},"1":{"name":"(anonymous_1)","decl":{"start":{"line":18,"column":32},"end":{"line":18,"column":33}},"loc":{"start":{"line":18,"column":42},"end":{"line":18,"column":63}}}},"branchMap":{"0":{"loc":{"start":{"line":9,"column":4},"end":{"line":9,"column":72}},"type":"cond-expr","locations":[{"start":{"line":9,"column":41},"end":{"line":9,"column":57}},{"start":{"line":9,"column":60},"end":{"line":9,"column":72}}]},"1":{"loc":{"start":{"line":14,"column":4},"end":{"line":38,"column":5}},"type":"if","locations":[{"start":{"line":14,"column":4},"end":{"line":38,"column":5}}]},"2":{"loc":{"start":{"line":16,"column":6},"end":{"line":37,"column":7}},"type":"if","locations":[{"start":{"line":16,"column":6},"end":{"line":37,"column":7}},{"start":{"line":35,"column":13},"end":{"line":37,"column":7}}]},"3":{"loc":{"start":{"line":17,"column":8},"end":{"line":18,"column":64}},"type":"binary-expr","locations":[{"start":{"line":17,"column":8},"end":{"line":17,"column":33}},{"start":{"line":18,"column":8},"end":{"line":18,"column":64}}]},"4":{"loc":{"start":{"line":23,"column":10},"end":{"line":29,"column":11}},"type":"if","locations":[{"start":{"line":23,"column":10},"end":{"line":29,"column":11}}]},"5":{"loc":{"start":{"line":24,"column":12},"end":{"line":28,"column":13}},"type":"if","locations":[{"start":{"line":24,"column":12},"end":{"line":28,"column":13}}]},"6":{"loc":{"start":{"line":32,"column":8},"end":{"line":34,"column":9}},"type":"if","locations":[{"start":{"line":32,"column":8},"end":{"line":34,"column":9}}]}},"s":{"0":8,"1":13,"2":13,"3":13,"4":24,"5":24,"6":24,"7":100,"8":4,"9":4,"10":4,"11":20,"12":20,"13":4,"14":4,"15":4,"16":4,"17":4,"18":4,"19":20,"20":13,"21":8},"f":{"0":13,"1":100},"b":{"0":[1,12],"1":[24],"2":[4,20],"3":[24,24],"4":[20],"5":[4],"6":[4]}}
,"/Users/sakshet/Desktop/Code/ahora/src/core/styles/stylesheet/useStyleSheet.tsx": {"path":"/Users/sakshet/Desktop/Code/ahora/src/core/styles/stylesheet/useStyleSheet.tsx","statementMap":{"0":{"start":{"line":1,"column":0},"end":{"line":1,"column":43}},"1":{"start":{"line":4,"column":29},"end":{"line":24,"column":1}},"2":{"start":{"line":5,"column":2},"end":{"line":23,"column":15}},"3":{"start":{"line":7,"column":6},"end":{"line":21,"column":7}},"4":{"start":{"line":8,"column":28},"end":{"line":8,"column":45}},"5":{"start":{"line":9,"column":34},"end":{"line":10,"column":null}},"6":{"start":{"line":12,"column":8},"end":{"line":12,"column":58}},"7":{"start":{"line":13,"column":13},"end":{"line":21,"column":7}},"8":{"start":{"line":14,"column":29},"end":{"line":15,"column":null}},"9":{"start":{"line":17,"column":8},"end":{"line":17,"column":93}},"10":{"start":{"line":17,"column":48},"end":{"line":17,"column":69}},"11":{"start":{"line":19,"column":24},"end":{"line":19,"column":76}},"12":{"start":{"line":19,"column":54},"end":{"line":19,"column":75}},"13":{"start":{"line":20,"column":8},"end":{"line":20,"column":69}},"14":{"start":{"line":26,"column":29},"end":{"line":75,"column":1}},"15":{"start":{"line":30,"column":33},"end":{"line":30,"column":43}},"16":{"start":{"line":32,"column":39},"end":{"line":37,"column":24}},"17":{"start":{"line":39,"column":21},"end":{"line":48,"column":18}},"18":{"start":{"line":40,"column":48},"end":{"line":40,"column":50}},"19":{"start":{"line":41,"column":19},"end":{"line":41,"column":46}},"20":{"start":{"line":42,"column":4},"end":{"line":46,"column":5}},"21":{"start":{"line":43,"column":6},"end":{"line":45,"column":7}},"22":{"start":{"line":44,"column":8},"end":{"line":44,"column":43}},"23":{"start":{"line":47,"column":4},"end":{"line":47,"column":20}},"24":{"start":{"line":50,"column":2},"end":{"line":72,"column":46}},"25":{"start":{"line":51,"column":25},"end":{"line":51,"column":56}},"26":{"start":{"line":52,"column":4},"end":{"line":52,"column":35}},"27":{"start":{"line":54,"column":19},"end":{"line":64,"column":16}},"28":{"start":{"line":56,"column":8},"end":{"line":61,"column":9}},"29":{"start":{"line":57,"column":24},"end":{"line":57,"column":39}},"30":{"start":{"line":58,"column":28},"end":{"line":58,"column":43}},"31":{"start":{"line":59,"column":28},"end":{"line":59,"column":55}},"32":{"start":{"line":60,"column":10},"end":{"line":60,"column":50}},"33":{"start":{"line":62,"column":8},"end":{"line":62,"column":18}},"34":{"start":{"line":66,"column":4},"end":{"line":66,"column":62}},"35":{"start":{"line":67,"column":4},"end":{"line":67,"column":44}},"36":{"start":{"line":69,"column":4},"end":{"line":71,"column":6}},"37":{"start":{"line":70,"column":6},"end":{"line":70,"column":46}},"38":{"start":{"line":74,"column":2},"end":{"line":74,"column":20}},"39":{"start":{"line":26,"column":13},"end":{"line":26,"column":29}}},"fnMap":{"0":{"name":"(anonymous_0)","decl":{"start":{"line":4,"column":29},"end":{"line":4,"column":30}},"loc":{"start":{"line":4,"column":63},"end":{"line":24,"column":1}}},"1":{"name":"(anonymous_1)","decl":{"start":{"line":6,"column":9},"end":{"line":6,"column":10}},"loc":{"start":{"line":6,"column":18},"end":{"line":22,"column":5}}},"2":{"name":"(anonymous_2)","decl":{"start":{"line":17,"column":41},"end":{"line":17,"column":42}},"loc":{"start":{"line":17,"column":48},"end":{"line":17,"column":69}}},"3":{"name":"(anonymous_3)","decl":{"start":{"line":19,"column":47},"end":{"line":19,"column":48}},"loc":{"start":{"line":19,"column":54},"end":{"line":19,"column":75}}},"4":{"name":"(anonymous_4)","decl":{"start":{"line":26,"column":29},"end":{"line":26,"column":null}},"loc":{"start":{"line":29,"column":31},"end":{"line":75,"column":1}}},"5":{"name":"(anonymous_5)","decl":{"start":{"line":39,"column":29},"end":{"line":39,"column":32}},"loc":{"start":{"line":39,"column":34},"end":{"line":48,"column":3}}},"6":{"name":"(anonymous_6)","decl":{"start":{"line":50,"column":12},"end":{"line":50,"column":15}},"loc":{"start":{"line":50,"column":17},"end":{"line":72,"column":3}}},"7":{"name":"(anonymous_7)","decl":{"start":{"line":55,"column":11},"end":{"line":55,"column":12}},"loc":{"start":{"line":55,"column":19},"end":{"line":63,"column":7}}},"8":{"name":"(anonymous_8)","decl":{"start":{"line":69,"column":11},"end":{"line":69,"column":14}},"loc":{"start":{"line":69,"column":16},"end":{"line":71,"column":5}}}},"branchMap":{"0":{"loc":{"start":{"line":7,"column":6},"end":{"line":21,"column":7}},"type":"if","locations":[{"start":{"line":7,"column":6},"end":{"line":21,"column":7}},{"start":{"line":13,"column":13},"end":{"line":21,"column":7}}]},"1":{"loc":{"start":{"line":13,"column":13},"end":{"line":21,"column":7}},"type":"if","locations":[{"start":{"line":13,"column":13},"end":{"line":21,"column":7}},{"start":{"line":18,"column":13},"end":{"line":21,"column":7}}]},"2":{"loc":{"start":{"line":33,"column":8},"end":{"line":35,"column":20}},"type":"cond-expr","locations":[{"start":{"line":34,"column":8},"end":{"line":34,"column":33}},{"start":{"line":35,"column":8},"end":{"line":35,"column":20}}]},"3":{"loc":{"start":{"line":34,"column":21},"end":{"line":34,"column":32}},"type":"binary-expr","locations":[{"start":{"line":34,"column":21},"end":{"line":34,"column":26}},{"start":{"line":34,"column":30},"end":{"line":34,"column":32}}]},"4":{"loc":{"start":{"line":41,"column":19},"end":{"line":41,"column":46}},"type":"binary-expr","locations":[{"start":{"line":41,"column":19},"end":{"line":41,"column":40}},{"start":{"line":41,"column":44},"end":{"line":41,"column":46}}]},"5":{"loc":{"start":{"line":43,"column":6},"end":{"line":45,"column":7}},"type":"if","locations":[{"start":{"line":43,"column":6},"end":{"line":45,"column":7}}]},"6":{"loc":{"start":{"line":43,"column":10},"end":{"line":43,"column":64}},"type":"binary-expr","locations":[{"start":{"line":43,"column":10},"end":{"line":43,"column":30}},{"start":{"line":43,"column":34},"end":{"line":43,"column":64}}]},"7":{"loc":{"start":{"line":56,"column":8},"end":{"line":61,"column":9}},"type":"if","locations":[{"start":{"line":56,"column":8},"end":{"line":61,"column":9}}]}},"s":{"0":7,"1":7,"2":210,"3":736,"4":50,"5":50,"6":50,"7":686,"8":2,"9":2,"10":0,"11":684,"12":366,"13":684,"14":7,"15":45,"16":45,"17":45,"18":45,"19":45,"20":45,"21":251,"22":206,"23":45,"24":45,"25":37,"26":37,"27":37,"28":195,"29":158,"30":158,"31":158,"32":158,"33":37,"34":37,"35":37,"36":37,"37":37,"38":45,"39":7},"f":{"0":210,"1":736,"2":0,"3":366,"4":45,"5":45,"6":37,"7":195,"8":37},"b":{"0":[50,686],"1":[2,684],"2":[0,45],"3":[0,0],"4":[45,0],"5":[206],"6":[251,206],"7":[158]}}
,"/Users/sakshet/Desktop/Code/ahora/src/core/text/text.tsx": {"path":"/Users/sakshet/Desktop/Code/ahora/src/core/text/text.tsx","statementMap":{"0":{"start":{"line":1,"column":0},"end":{"line":1,"column":41}},"1":{"start":{"line":32,"column":20},"end":{"line":69,"column":1}},"2":{"start":{"line":33,"column":17},"end":{"line":33,"column":23}},"3":{"start":{"line":35,"column":2},"end":{"line":66,"column":3}},"4":{"start":{"line":37,"column":6},"end":{"line":37,"column":24}},"5":{"start":{"line":38,"column":6},"end":{"line":38,"column":12}},"6":{"start":{"line":40,"column":6},"end":{"line":40,"column":24}},"7":{"start":{"line":41,"column":6},"end":{"line":41,"column":12}},"8":{"start":{"line":43,"column":6},"end":{"line":43,"column":24}},"9":{"start":{"line":44,"column":6},"end":{"line":44,"column":12}},"10":{"start":{"line":46,"column":6},"end":{"line":46,"column":24}},"11":{"start":{"line":47,"column":6},"end":{"line":47,"column":12}},"12":{"start":{"line":49,"column":6},"end":{"line":49,"column":24}},"13":{"start":{"line":50,"column":6},"end":{"line":50,"column":12}},"14":{"start":{"line":52,"column":6},"end":{"line":52,"column":24}},"15":{"start":{"line":53,"column":6},"end":{"line":53,"column":12}},"16":{"start":{"line":55,"column":6},"end":{"line":55,"column":24}},"17":{"start":{"line":56,"column":6},"end":{"line":56,"column":12}},"18":{"start":{"line":58,"column":6},"end":{"line":58,"column":24}},"19":{"start":{"line":59,"column":6},"end":{"line":59,"column":12}},"20":{"start":{"line":61,"column":6},"end":{"line":61,"column":23}},"21":{"start":{"line":62,"column":6},"end":{"line":62,"column":12}},"22":{"start":{"line":64,"column":6},"end":{"line":64,"column":23}},"23":{"start":{"line":65,"column":6},"end":{"line":65,"column":12}},"24":{"start":{"line":68,"column":2},"end":{"line":68,"column":59}},"25":{"start":{"line":32,"column":13},"end":{"line":32,"column":20}},"26":{"start":{"line":76,"column":23},"end":{"line":115,"column":1}},"27":{"start":{"line":77,"column":17},"end":{"line":77,"column":23}},"28":{"start":{"line":79,"column":2},"end":{"line":110,"column":3}},"29":{"start":{"line":81,"column":6},"end":{"line":81,"column":24}},"30":{"start":{"line":82,"column":6},"end":{"line":82,"column":12}},"31":{"start":{"line":84,"column":6},"end":{"line":84,"column":24}},"32":{"start":{"line":85,"column":6},"end":{"line":85,"column":12}},"33":{"start":{"line":87,"column":6},"end":{"line":87,"column":24}},"34":{"start":{"line":88,"column":6},"end":{"line":88,"column":12}},"35":{"start":{"line":90,"column":6},"end":{"line":90,"column":24}},"36":{"start":{"line":91,"column":6},"end":{"line":91,"column":12}},"37":{"start":{"line":93,"column":6},"end":{"line":93,"column":24}},"38":{"start":{"line":94,"column":6},"end":{"line":94,"column":12}},"39":{"start":{"line":96,"column":6},"end":{"line":96,"column":24}},"40":{"start":{"line":97,"column":6},"end":{"line":97,"column":12}},"41":{"start":{"line":99,"column":6},"end":{"line":99,"column":24}},"42":{"start":{"line":100,"column":6},"end":{"line":100,"column":12}},"43":{"start":{"line":102,"column":6},"end":{"line":102,"column":24}},"44":{"start":{"line":103,"column":6},"end":{"line":103,"column":12}},"45":{"start":{"line":105,"column":6},"end":{"line":105,"column":24}},"46":{"start":{"line":106,"column":6},"end":{"line":106,"column":12}},"47":{"start":{"line":108,"column":6},"end":{"line":108,"column":24}},"48":{"start":{"line":109,"column":6},"end":{"line":109,"column":12}},"49":{"start":{"line":112,"column":2},"end":{"line":114,"column":4}},"50":{"start":{"line":76,"column":13},"end":{"line":76,"column":23}}},"fnMap":{"0":{"name":"(anonymous_1)","decl":{"start":{"line":32,"column":20},"end":{"line":32,"column":21}},"loc":{"start":{"line":32,"column":60},"end":{"line":69,"column":1}}},"1":{"name":"(anonymous_2)","decl":{"start":{"line":76,"column":23},"end":{"line":76,"column":24}},"loc":{"start":{"line":76,"column":66},"end":{"line":115,"column":1}}}},"branchMap":{"0":{"loc":{"start":{"line":35,"column":2},"end":{"line":66,"column":3}},"type":"switch","locations":[{"start":{"line":36,"column":4},"end":{"line":38,"column":12}},{"start":{"line":39,"column":4},"end":{"line":41,"column":12}},{"start":{"line":42,"column":4},"end":{"line":44,"column":12}},{"start":{"line":45,"column":4},"end":{"line":47,"column":12}},{"start":{"line":48,"column":4},"end":{"line":50,"column":12}},{"start":{"line":51,"column":4},"end":{"line":53,"column":12}},{"start":{"line":54,"column":4},"end":{"line":56,"column":12}},{"start":{"line":57,"column":4},"end":{"line":59,"column":12}},{"start":{"line":60,"column":4},"end":{"line":62,"column":12}},{"start":{"line":63,"column":4},"end":{"line":65,"column":12}}]},"1":{"loc":{"start":{"line":79,"column":2},"end":{"line":110,"column":3}},"type":"switch","locations":[{"start":{"line":80,"column":4},"end":{"line":82,"column":12}},{"start":{"line":83,"column":4},"end":{"line":85,"column":12}},{"start":{"line":86,"column":4},"end":{"line":88,"column":12}},{"start":{"line":89,"column":4},"end":{"line":91,"column":12}},{"start":{"line":92,"column":4},"end":{"line":94,"column":12}},{"start":{"line":95,"column":4},"end":{"line":97,"column":12}},{"start":{"line":98,"column":4},"end":{"line":100,"column":12}},{"start":{"line":101,"column":4},"end":{"line":103,"column":12}},{"start":{"line":104,"column":4},"end":{"line":106,"column":12}},{"start":{"line":107,"column":4},"end":{"line":109,"column":12}}]}},"s":{"0":4,"1":4,"2":37,"3":37,"4":1,"5":1,"6":1,"7":1,"8":1,"9":1,"10":2,"11":2,"12":1,"13":1,"14":1,"15":1,"16":26,"17":26,"18":2,"19":2,"20":1,"21":1,"22":1,"23":1,"24":37,"25":4,"26":4,"27":14,"28":14,"29":1,"30":1,"31":1,"32":1,"33":1,"34":1,"35":2,"36":2,"37":1,"38":1,"39":1,"40":1,"41":2,"42":2,"43":1,"44":1,"45":1,"46":1,"47":3,"48":3,"49":14,"50":4},"f":{"0":37,"1":14},"b":{"0":[1,1,1,2,1,1,26,2,1,1],"1":[1,1,1,2,1,1,2,1,1,3]}}
,"/Users/sakshet/Desktop/Code/ahora/src/views/app/app.tsx": {"path":"/Users/sakshet/Desktop/Code/ahora/src/views/app/app.tsx","statementMap":{"0":{"start":{"line":1,"column":0},"end":{"line":1,"column":44}},"1":{"start":{"line":2,"column":0},"end":{"line":2,"column":44}},"2":{"start":{"line":3,"column":0},"end":{"line":3,"column":73}},"3":{"start":{"line":4,"column":0},"end":{"line":4,"column":71}},"4":{"start":{"line":5,"column":0},"end":{"line":5,"column":43}},"5":{"start":{"line":7,"column":0},"end":{"line":7,"column":26}},"6":{"start":{"line":8,"column":0},"end":{"line":8,"column":71}},"7":{"start":{"line":10,"column":0},"end":{"line":10,"column":19}},"8":{"start":{"line":12,"column":18},"end":{"line":19,"column":2}},"9":{"start":{"line":20,"column":19},"end":{"line":31,"column":1}},"10":{"start":{"line":21,"column":18},"end":{"line":21,"column":48}},"11":{"start":{"line":22,"column":2},"end":{"line":30,"column":4}},"12":{"start":{"line":20,"column":13},"end":{"line":20,"column":19}},"13":{"start":{"line":33,"column":21},"end":{"line":44,"column":1}},"14":{"start":{"line":34,"column":2},"end":{"line":43,"column":4}}},"fnMap":{"0":{"name":"(anonymous_1)","decl":{"start":{"line":20,"column":19},"end":{"line":20,"column":22}},"loc":{"start":{"line":20,"column":24},"end":{"line":31,"column":1}}},"1":{"name":"(anonymous_2)","decl":{"start":{"line":33,"column":21},"end":{"line":33,"column":24}},"loc":{"start":{"line":33,"column":26},"end":{"line":44,"column":1}}}},"branchMap":{},"s":{"0":1,"1":1,"2":1,"3":1,"4":1,"5":1,"6":1,"7":1,"8":1,"9":1,"10":3,"11":3,"12":1,"13":1,"14":3},"f":{"0":3,"1":3},"b":{}}
,"/Users/sakshet/Desktop/Code/ahora/src/views/homepage/homepage.tsx": {"path":"/Users/sakshet/Desktop/Code/ahora/src/views/homepage/homepage.tsx","statementMap":{"0":{"start":{"line":1,"column":0},"end":{"line":1,"column":50}},"1":{"start":{"line":2,"column":0},"end":{"line":2,"column":63}},"2":{"start":{"line":3,"column":0},"end":{"line":3,"column":43}},"3":{"start":{"line":4,"column":0},"end":{"line":4,"column":26}},"4":{"start":{"line":6,"column":27},"end":{"line":15,"column":2}},"5":{"start":{"line":16,"column":24},"end":{"line":41,"column":1}},"6":{"start":{"line":17,"column":18},"end":{"line":17,"column":57}},"7":{"start":{"line":18,"column":2},"end":{"line":40,"column":4}},"8":{"start":{"line":16,"column":13},"end":{"line":16,"column":24}}},"fnMap":{"0":{"name":"(anonymous_1)","decl":{"start":{"line":16,"column":24},"end":{"line":16,"column":27}},"loc":{"start":{"line":16,"column":29},"end":{"line":41,"column":1}}},"1":{"name":"(anonymous_2)","decl":{"start":{"line":35,"column":18},"end":{"line":35,"column":19}},"loc":{"start":{"line":35,"column":40},"end":{"line":37,"column":9}}}},"branchMap":{},"s":{"0":1,"1":1,"2":1,"3":1,"4":1,"5":1,"6":1,"7":1,"8":1},"f":{"0":1,"1":0},"b":{}}
}
