TN:
SF:src/index.tsx
FNF:0
FNH:0
DA:1,0
DA:3,0
DA:4,0
DA:6,0
DA:7,0
DA:9,0
DA:10,0
DA:11,0
LF:8
LH:0
BRF:0
BRH:0
end_of_record
TN:
SF:src/context/context.tsx
FN:9,(anonymous_6)
FN:19,(anonymous_7)
FN:49,(anonymous_8)
FN:59,(anonymous_9)
FN:63,(anonymous_10)
FN:98,appReducer
FNF:6
FNH:0
FNDA:0,(anonymous_6)
FNDA:0,(anonymous_7)
FNDA:0,(anonymous_8)
FNDA:0,(anonymous_9)
FNDA:0,(anonymous_10)
FNDA:0,appReducer
DA:1,0
DA:4,0
DA:9,0
DA:10,0
DA:11,0
DA:12,0
DA:14,0
DA:19,0
DA:24,0
DA:27,0
DA:46,0
DA:49,0
DA:50,0
DA:51,0
DA:52,0
DA:54,0
DA:59,0
DA:60,0
DA:61,0
DA:63,0
DA:67,0
DA:98,0
DA:99,0
DA:101,0
DA:106,0
DA:111,0
DA:113,0
LF:27
LH:0
BRDA:11,0,0,0
BRDA:11,0,1,0
BRDA:51,1,0,0
BRDA:51,1,1,0
BRDA:99,2,0,0
BRDA:99,2,1,0
BRDA:99,2,2,0
BRDA:99,2,3,0
BRF:8
BRH:0
end_of_record
TN:
SF:src/core/styles/colors.ts
FNF:0
FNH:0
DA:1,1
LF:1
LH:1
BRF:0
BRH:0
end_of_record
TN:
SF:src/core/styles/stylesheet/createStyleSheet.ts
FN:3,(anonymous_0)
FNF:1
FNH:1
FNDA:7,(anonymous_0)
DA:3,3
DA:7,7
LF:2
LH:2
BRF:0
BRH:0
end_of_record
TN:
SF:src/core/styles/stylesheet/useStyleSheet.tsx
FN:4,(anonymous_0)
FN:15,(anonymous_1)
FN:26,(anonymous_2)
FN:30,(anonymous_3)
FN:38,(anonymous_4)
FN:50,(anonymous_5)
FNF:6
FNH:6
FNDA:5,(anonymous_0)
FNDA:5,(anonymous_1)
FNDA:5,(anonymous_2)
FNDA:10,(anonymous_3)
FNDA:20,(anonymous_4)
FNDA:5,(anonymous_5)
DA:1,2
DA:4,2
DA:8,5
DA:10,5
DA:15,5
DA:16,5
DA:17,5
DA:18,5
DA:19,10
DA:20,5
DA:23,5
DA:26,5
DA:27,5
DA:28,5
DA:30,5
DA:31,10
DA:32,5
DA:34,5
DA:35,0
DA:37,5
DA:38,5
DA:39,20
DA:40,20
DA:42,5
DA:44,5
DA:47,5
DA:48,5
DA:50,5
DA:51,5
DA:55,5
LF:30
LH:29
BRDA:11,0,0,1
BRDA:11,0,1,4
BRDA:11,1,0,1
BRDA:11,1,1,0
BRDA:19,2,0,5
BRDA:19,3,0,10
BRDA:19,3,1,5
BRDA:31,4,0,5
BRDA:34,5,0,0
BRDA:34,6,0,5
BRDA:34,6,1,2
BRF:11
BRH:9
end_of_record
TN:
SF:src/core/text/text.tsx
FN:16,(anonymous_1)
FN:62,(anonymous_2)
FNF:2
FNH:2
FNDA:11,(anonymous_1)
FNDA:11,(anonymous_2)
DA:1,2
DA:16,2
DA:17,11
DA:19,11
DA:21,2
DA:22,2
DA:24,1
DA:25,1
DA:27,1
DA:28,1
DA:30,1
DA:31,1
DA:33,1
DA:34,1
DA:36,1
DA:37,1
DA:39,1
DA:40,1
DA:42,1
DA:43,1
DA:45,1
DA:46,1
DA:48,1
DA:49,1
DA:52,11
DA:62,2
DA:63,11
DA:65,11
DA:67,2
DA:68,2
DA:70,1
DA:71,1
DA:73,1
DA:74,1
DA:76,1
DA:77,1
DA:79,1
DA:80,1
DA:82,1
DA:83,1
DA:85,1
DA:86,1
DA:88,1
DA:89,1
DA:91,1
DA:92,1
DA:94,1
DA:95,1
DA:98,11
LF:49
LH:49
BRDA:19,0,0,2
BRDA:19,0,1,1
BRDA:19,0,2,1
BRDA:19,0,3,1
BRDA:19,0,4,1
BRDA:19,0,5,1
BRDA:19,0,6,1
BRDA:19,0,7,1
BRDA:19,0,8,1
BRDA:19,0,9,1
BRDA:65,1,0,2
BRDA:65,1,1,1
BRDA:65,1,2,1
BRDA:65,1,3,1
BRDA:65,1,4,1
BRDA:65,1,5,1
BRDA:65,1,6,1
BRDA:65,1,7,1
BRDA:65,1,8,1
BRDA:65,1,9,1
BRF:20
BRH:20
end_of_record
TN:
SF:src/views/app.tsx
FN:7,(anonymous_1)
FN:19,(anonymous_2)
FN:44,(anonymous_3)
FNF:3
FNH:0
FNDA:0,(anonymous_1)
FNDA:0,(anonymous_2)
FNDA:0,(anonymous_3)
DA:1,0
DA:2,0
DA:4,0
DA:5,0
DA:7,0
DA:8,0
DA:19,0
DA:20,0
DA:44,0
DA:45,0
LF:10
LH:0
BRF:0
BRH:0
end_of_record
TN:
SF:src/views/homepage/homepage.tsx
FN:17,(anonymous_1)
FNF:1
FNH:1
FNDA:1,(anonymous_1)
DA:1,1
DA:2,1
DA:3,1
DA:5,1
DA:17,1
DA:18,1
DA:19,1
LF:7
LH:7
BRF:0
BRH:0
end_of_record
