TN:
SF:src/index.tsx
FNF:0
FNH:0
DA:1,0
DA:3,0
DA:4,0
DA:6,0
DA:8,0
DA:9,0
DA:10,0
LF:7
LH:0
BRF:0
BRH:0
end_of_record
TN:
SF:src/core/styles/colors.ts
FNF:0
FNH:0
DA:1,0
LF:1
LH:0
BRF:0
BRH:0
end_of_record
TN:
SF:src/core/styles/stylesheet/createStyleSheet.ts
FN:3,(anonymous_0)
FNF:1
FNH:1
FNDA:6,(anonymous_0)
DA:3,2
DA:7,6
LF:2
LH:2
BRF:0
BRH:0
end_of_record
TN:
SF:src/core/styles/stylesheet/useStyleSheet.tsx
FN:4,(anonymous_0)
FN:15,(anonymous_1)
FN:26,(anonymous_2)
FN:30,(anonymous_3)
FN:38,(anonymous_4)
FN:50,(anonymous_5)
FNF:6
FNH:6
FNDA:4,(anonymous_0)
FNDA:4,(anonymous_1)
FNDA:4,(anonymous_2)
FNDA:8,(anonymous_3)
FNDA:12,(anonymous_4)
FNDA:4,(anonymous_5)
DA:1,1
DA:4,1
DA:8,4
DA:10,4
DA:15,4
DA:16,4
DA:17,4
DA:18,4
DA:19,8
DA:20,4
DA:23,4
DA:26,4
DA:27,4
DA:28,4
DA:30,4
DA:31,8
DA:32,4
DA:34,4
DA:35,0
DA:37,4
DA:38,4
DA:39,12
DA:40,12
DA:42,4
DA:44,4
DA:47,4
DA:48,4
DA:50,4
DA:51,4
DA:55,4
LF:30
LH:29
BRDA:11,0,0,1
BRDA:11,0,1,3
BRDA:11,1,0,1
BRDA:11,1,1,0
BRDA:19,2,0,4
BRDA:19,3,0,8
BRDA:19,3,1,4
BRDA:31,4,0,4
BRDA:34,5,0,0
BRDA:34,6,0,4
BRDA:34,6,1,2
BRF:11
BRH:9
end_of_record
TN:
SF:src/core/text/text.tsx
FN:16,(anonymous_1)
FN:62,(anonymous_2)
FNF:2
FNH:2
FNDA:10,(anonymous_1)
FNDA:10,(anonymous_2)
DA:1,1
DA:16,1
DA:17,10
DA:19,10
DA:21,1
DA:22,1
DA:24,1
DA:25,1
DA:27,1
DA:28,1
DA:30,1
DA:31,1
DA:33,1
DA:34,1
DA:36,1
DA:37,1
DA:39,1
DA:40,1
DA:42,1
DA:43,1
DA:45,1
DA:46,1
DA:48,1
DA:49,1
DA:52,10
DA:62,1
DA:63,10
DA:65,10
DA:67,1
DA:68,1
DA:70,1
DA:71,1
DA:73,1
DA:74,1
DA:76,1
DA:77,1
DA:79,1
DA:80,1
DA:82,1
DA:83,1
DA:85,1
DA:86,1
DA:88,1
DA:89,1
DA:91,1
DA:92,1
DA:94,1
DA:95,1
DA:98,10
LF:49
LH:49
BRDA:19,0,0,1
BRDA:19,0,1,1
BRDA:19,0,2,1
BRDA:19,0,3,1
BRDA:19,0,4,1
BRDA:19,0,5,1
BRDA:19,0,6,1
BRDA:19,0,7,1
BRDA:19,0,8,1
BRDA:19,0,9,1
BRDA:65,1,0,1
BRDA:65,1,1,1
BRDA:65,1,2,1
BRDA:65,1,3,1
BRDA:65,1,4,1
BRDA:65,1,5,1
BRDA:65,1,6,1
BRDA:65,1,7,1
BRDA:65,1,8,1
BRDA:65,1,9,1
BRF:20
BRH:20
end_of_record
TN:
SF:src/views/app.tsx
FN:14,(anonymous_1)
FNF:1
FNH:0
FNDA:0,(anonymous_1)
DA:1,0
DA:2,0
DA:4,0
DA:6,0
DA:14,0
DA:15,0
DA:16,0
LF:7
LH:0
BRF:0
BRH:0
end_of_record
